2026-02-24 00:38:26,458 - INFO - Logging initialized. Log file: /Users/gustavoabreu/njit/CS601/projects/assignments/assignment5/logs/calculator.log
2026-02-24 00:38:26,463 - INFO - History file does not exist: /Users/gustavoabreu/njit/CS601/projects/assignments/assignment5/history/calculator_history.csv
2026-02-24 00:38:26,463 - INFO - Calculator initialized with configuration: CalculatorConfig(base_dir=PosixPath('/Users/gustavoabreu/njit/CS601/projects/assignments/assignment5'), max_history_size=1000, auto_save=True, precision=10, max_input_value=Decimal('1E+999'), default_encoding='utf-8')
2026-02-24 00:38:26,463 - INFO - Observer added: LoggingObserver
2026-02-24 00:38:26,463 - INFO - Observer added: AutoSaveObserver
2026-02-24 00:38:26,464 - ERROR - Failed to save history: name 'history_data' is not defined
2026-02-24 00:38:56,105 - INFO - Logging initialized. Log file: /Users/gustavoabreu/njit/CS601/projects/assignments/assignment5/logs/calculator.log
2026-02-24 00:38:56,112 - INFO - History file does not exist: /Users/gustavoabreu/njit/CS601/projects/assignments/assignment5/history/calculator_history.csv
2026-02-24 00:38:56,112 - INFO - Calculator initialized with configuration: CalculatorConfig(base_dir=PosixPath('/Users/gustavoabreu/njit/CS601/projects/assignments/assignment5'), max_history_size=1000, auto_save=True, precision=10, max_input_value=Decimal('1E+999'), default_encoding='utf-8')
2026-02-24 00:38:56,114 - INFO - Observer added: LoggingObserver
2026-02-24 00:38:56,114 - INFO - Observer added: AutoSaveObserver
2026-02-24 00:38:56,115 - INFO - Operation strategy set to: Addition
2026-02-24 00:38:56,116 - INFO - Calculation performed: Addition (2, 3) = 5
2026-02-24 00:38:56,148 - INFO - History saved to /Users/gustavoabreu/njit/CS601/projects/assignments/assignment5/history/calculator_history.csv
2026-02-24 00:38:56,149 - INFO - History auto-saved
2026-02-24 00:38:56,161 - INFO - History saved to /Users/gustavoabreu/njit/CS601/projects/assignments/assignment5/history/calculator_history.csv
2026-02-24 00:40:16,051 - INFO - Logging initialized. Log file: /Users/gustavoabreu/njit/CS601/projects/assignments/assignment5/logs/calculator.log
2026-02-24 00:40:16,059 - ERROR - Failed to load history: type object 'Calculation' has no attribute 'from_dict'
2026-02-24 00:40:16,060 - ERROR - Failed to load existing history: Failed to load history: type object 'Calculation' has no attribute 'from_dict'
2026-02-24 00:40:16,060 - INFO - Calculator initialized with configuration: CalculatorConfig(base_dir=PosixPath('/Users/gustavoabreu/njit/CS601/projects/assignments/assignment5'), max_history_size=1000, auto_save=True, precision=10, max_input_value=Decimal('1E+999'), default_encoding='utf-8')
2026-02-24 00:40:16,060 - INFO - Observer added: LoggingObserver
2026-02-24 00:40:16,061 - INFO - Observer added: AutoSaveObserver
2026-02-24 00:40:16,067 - INFO - History file created: /Users/gustavoabreu/njit/CS601/projects/assignments/assignment5/history/calculator_history.csv
2026-02-24 00:41:31,597 - INFO - Logging initialized. Log file: /Users/gustavoabreu/njit/CS601/projects/assignments/assignment5/logs/calculator.log
2026-02-24 00:41:31,614 - INFO - History file is empty: /Users/gustavoabreu/njit/CS601/projects/assignments/assignment5/history/calculator_history.csv
2026-02-24 00:41:31,615 - INFO - Calculator initialized with configuration: CalculatorConfig(base_dir=PosixPath('/Users/gustavoabreu/njit/CS601/projects/assignments/assignment5'), max_history_size=1000, auto_save=True, precision=10, max_input_value=Decimal('1E+999'), default_encoding='utf-8')
2026-02-24 00:41:31,615 - INFO - Observer added: LoggingObserver
2026-02-24 00:41:31,615 - INFO - Observer added: AutoSaveObserver
2026-02-24 00:41:31,628 - INFO - History file created: /Users/gustavoabreu/njit/CS601/projects/assignments/assignment5/history/calculator_history.csv
2026-02-24 00:42:31,047 - INFO - Logging initialized. Log file: /Users/gustavoabreu/njit/CS601/projects/assignments/assignment5/logs/calculator.log
2026-02-24 00:42:31,055 - INFO - History file is empty: /Users/gustavoabreu/njit/CS601/projects/assignments/assignment5/history/calculator_history.csv
2026-02-24 00:42:31,055 - INFO - Calculator initialized with configuration: CalculatorConfig(base_dir=PosixPath('/Users/gustavoabreu/njit/CS601/projects/assignments/assignment5'), max_history_size=1000, auto_save=True, precision=10, max_input_value=Decimal('1E+999'), default_encoding='utf-8')
2026-02-24 00:42:31,055 - INFO - Observer added: LoggingObserver
2026-02-24 00:42:31,056 - INFO - Observer added: AutoSaveObserver
2026-02-24 00:42:46,147 - INFO - Operation strategy set to: Addition
2026-02-24 00:42:48,534 - INFO - Calculation performed: Addition (2, 3) = 5
2026-02-24 00:42:48,541 - INFO - History saved to /Users/gustavoabreu/njit/CS601/projects/assignments/assignment5/history/calculator_history.csv
2026-02-24 00:42:48,541 - INFO - History auto-saved
2026-02-24 00:42:55,752 - ERROR - Failed to load history: type object 'Calculation' has no attribute 'from_dict'
2026-02-24 00:43:06,338 - INFO - History saved to /Users/gustavoabreu/njit/CS601/projects/assignments/assignment5/history/calculator_history.csv
2026-02-24 00:43:08,700 - ERROR - Failed to load history: type object 'Calculation' has no attribute 'from_dict'
2026-02-24 00:43:13,120 - INFO - History saved to /Users/gustavoabreu/njit/CS601/projects/assignments/assignment5/history/calculator_history.csv
2026-02-24 00:43:59,823 - INFO - Logging initialized. Log file: /Users/gustavoabreu/njit/CS601/projects/assignments/assignment5/logs/calculator.log
2026-02-24 00:43:59,833 - INFO - History loaded from /Users/gustavoabreu/njit/CS601/projects/assignments/assignment5/history/calculator_history.csv. Total calculations: 1
2026-02-24 00:43:59,833 - INFO - Calculator initialized with configuration: CalculatorConfig(base_dir=PosixPath('/Users/gustavoabreu/njit/CS601/projects/assignments/assignment5'), max_history_size=1000, auto_save=True, precision=10, max_input_value=Decimal('1E+999'), default_encoding='utf-8')
2026-02-24 00:43:59,834 - INFO - Observer added: LoggingObserver
2026-02-24 00:43:59,834 - INFO - Observer added: AutoSaveObserver
2026-02-24 00:43:59,834 - INFO - Operation strategy set to: Addition
2026-02-24 00:43:59,835 - INFO - Calculation performed: Addition (2, 3) = 5
2026-02-24 00:43:59,841 - INFO - History saved to /Users/gustavoabreu/njit/CS601/projects/assignments/assignment5/history/calculator_history.csv
2026-02-24 00:43:59,842 - INFO - History auto-saved
2026-02-24 00:43:59,849 - INFO - History saved to /Users/gustavoabreu/njit/CS601/projects/assignments/assignment5/history/calculator_history.csv
2026-02-24 00:43:59,858 - INFO - History loaded from /Users/gustavoabreu/njit/CS601/projects/assignments/assignment5/history/calculator_history.csv. Total calculations: 2
2026-02-24 00:43:59,863 - INFO - History saved to /Users/gustavoabreu/njit/CS601/projects/assignments/assignment5/history/calculator_history.csv
2026-02-24 00:51:50,678 - INFO - Logging initialized. Log file: /Users/gustavoabreu/njit/CS601/projects/assignments/assignment5/logs/calculator.log
2026-02-24 00:51:50,705 - INFO - History loaded from /Users/gustavoabreu/njit/CS601/projects/assignments/assignment5/history/calculator_history.csv. Total calculations: 2
2026-02-24 00:51:50,706 - INFO - Calculator initialized with configuration: CalculatorConfig(base_dir=PosixPath('/Users/gustavoabreu/njit/CS601/projects/assignments/assignment5'), max_history_size=1000, auto_save=True, precision=10, max_input_value=Decimal('1E+999'), default_encoding='utf-8')
2026-02-24 00:54:35,765 - INFO - Logging initialized. Log file: /Users/gustavoabreu/njit/CS601/projects/assignments/assignment5/logs/calculator.log
2026-02-24 00:54:35,783 - INFO - History loaded from /Users/gustavoabreu/njit/CS601/projects/assignments/assignment5/history/calculator_history.csv. Total calculations: 2
2026-02-24 00:54:35,783 - INFO - Calculator initialized with configuration: CalculatorConfig(base_dir=PosixPath('/Users/gustavoabreu/njit/CS601/projects/assignments/assignment5'), max_history_size=1000, auto_save=True, precision=10, max_input_value=Decimal('1E+999'), default_encoding='utf-8')
2026-02-24 00:58:07,035 - INFO - Logging initialized. Log file: /Users/gustavoabreu/njit/CS601/projects/assignments/assignment5/logs/calculator.log
2026-02-24 00:58:07,077 - INFO - History loaded from /Users/gustavoabreu/njit/CS601/projects/assignments/assignment5/history/calculator_history.csv. Total calculations: 2
2026-02-24 00:58:07,078 - INFO - Calculator initialized with configuration: CalculatorConfig(base_dir=PosixPath('/Users/gustavoabreu/njit/CS601/projects/assignments/assignment5'), max_history_size=1000, auto_save=True, precision=10, max_input_value=Decimal('1E+999'), default_encoding='utf-8')
